<?xml version="1.0" encoding="UTF-8"?>
<testsuite xmlns:xsi="http://www.w3.org/2001/XMLSchema-instance" xsi:noNamespaceSchemaLocation="https://maven.apache.org/surefire/maven-surefire-plugin/xsd/surefire-test-report-3.0.xsd" version="3.0" name="com.example.Pulsar_test.AppTest" time="0.007" tests="1" errors="0" skipped="0" failures="0">
  <properties>
    <property name="java.specification.version" value="17"/>
    <property name="sun.jnu.encoding" value="UTF-8"/>
    <property name="java.class.path" value="/Users/shreshtjain99/Documents/workspace-spring-tool-suite-4-4.20.1.RELEASE/Pulsar-test/target/test-classes:/Users/shreshtjain99/Documents/workspace-spring-tool-suite-4-4.20.1.RELEASE/Pulsar-test/target/classes:/Users/shreshtjain99/.m2/repository/com/fasterxml/jackson/dataformat/jackson-dataformat-avro/2.16.0/jackson-dataformat-avro-2.16.0.jar:/Users/shreshtjain99/.m2/repository/com/fasterxml/jackson/core/jackson-annotations/2.16.0/jackson-annotations-2.16.0.jar:/Users/shreshtjain99/.m2/repository/com/fasterxml/jackson/core/jackson-databind/2.16.0/jackson-databind-2.16.0.jar:/Users/shreshtjain99/.m2/repository/com/fasterxml/jackson/core/jackson-core/2.16.0/jackson-core-2.16.0.jar:/Users/shreshtjain99/.m2/repository/org/apache/pulsar/pulsar-client/2.10.4/pulsar-client-2.10.4.jar:/Users/shreshtjain99/.m2/repository/org/apache/pulsar/pulsar-client-api/2.10.4/pulsar-client-api-2.10.4.jar:/Users/shreshtjain99/.m2/repository/org/apache/pulsar/pulsar-client-admin-api/2.10.4/pulsar-client-admin-api-2.10.4.jar:/Users/shreshtjain99/.m2/repository/javax/ws/rs/javax.ws.rs-api/2.1/javax.ws.rs-api-2.1.jar:/Users/shreshtjain99/.m2/repository/org/apache/pulsar/bouncy-castle-bc/2.10.4/bouncy-castle-bc-2.10.4-pkg.jar:/Users/shreshtjain99/.m2/repository/org/bouncycastle/bcpkix-jdk15on/1.69/bcpkix-jdk15on-1.69.jar:/Users/shreshtjain99/.m2/repository/org/bouncycastle/bcprov-jdk15on/1.69/bcprov-jdk15on-1.69.jar:/Users/shreshtjain99/.m2/repository/org/bouncycastle/bcutil-jdk15on/1.69/bcutil-jdk15on-1.69.jar:/Users/shreshtjain99/.m2/repository/org/bouncycastle/bcprov-ext-jdk15on/1.69/bcprov-ext-jdk15on-1.69.jar:/Users/shreshtjain99/.m2/repository/com/sun/activation/javax.activation/1.2.0/javax.activation-1.2.0.jar:/Users/shreshtjain99/.m2/repository/javax/validation/validation-api/1.1.0.Final/validation-api-1.1.0.Final.jar:/Users/shreshtjain99/.m2/repository/net/jcip/jcip-annotations/1.0/jcip-annotations-1.0.jar:/Users/shreshtjain99/.m2/repository/com/beust/jcommander/1.78/jcommander-1.78.jar:/Users/shreshtjain99/.m2/repository/org/apache/avro/avro/1.11.1/avro-1.11.1.jar:/Users/shreshtjain99/.m2/repository/org/apache/commons/commons-compress/1.21/commons-compress-1.21.jar:/Users/shreshtjain99/.m2/repository/log4j/log4j/1.2.17/log4j-1.2.17.jar:/Users/shreshtjain99/.m2/repository/org/slf4j/slf4j-api/2.1.0-alpha1/slf4j-api-2.1.0-alpha1.jar:/Users/shreshtjain99/.m2/repository/ch/qos/reload4j/reload4j/1.2.25/reload4j-1.2.25.jar:/Users/shreshtjain99/.m2/repository/junit/junit/3.8.1/junit-3.8.1.jar:/Users/shreshtjain99/.m2/repository/org/projectlombok/lombok/1.18.34/lombok-1.18.34.jar:/Users/shreshtjain99/.m2/repository/org/apache/avro/avro-compiler/1.8.2/avro-compiler-1.8.2.jar:/Users/shreshtjain99/.m2/repository/commons-lang/commons-lang/2.6/commons-lang-2.6.jar:/Users/shreshtjain99/.m2/repository/org/apache/velocity/velocity/1.7/velocity-1.7.jar:/Users/shreshtjain99/.m2/repository/commons-collections/commons-collections/3.2.1/commons-collections-3.2.1.jar:/Users/shreshtjain99/.m2/repository/org/codehaus/jackson/jackson-core-asl/1.9.13/jackson-core-asl-1.9.13.jar:/Users/shreshtjain99/.m2/repository/org/codehaus/jackson/jackson-mapper-asl/1.9.13/jackson-mapper-asl-1.9.13.jar:/Users/shreshtjain99/.m2/repository/joda-time/joda-time/2.7/joda-time-2.7.jar:/Users/shreshtjain99/.m2/repository/org/apache/avro/avro-maven-plugin/1.8.2/avro-maven-plugin-1.8.2.jar:/Users/shreshtjain99/.m2/repository/org/apache/maven/maven-plugin-api/2.0.10/maven-plugin-api-2.0.10.jar:/Users/shreshtjain99/.m2/repository/org/apache/maven/maven-project/2.0.10/maven-project-2.0.10.jar:/Users/shreshtjain99/.m2/repository/org/apache/maven/maven-settings/2.0.10/maven-settings-2.0.10.jar:/Users/shreshtjain99/.m2/repository/org/apache/maven/maven-profile/2.0.10/maven-profile-2.0.10.jar:/Users/shreshtjain99/.m2/repository/org/apache/maven/maven-model/2.0.10/maven-model-2.0.10.jar:/Users/shreshtjain99/.m2/repository/org/apache/maven/maven-artifact-manager/2.0.10/maven-artifact-manager-2.0.10.jar:/Users/shreshtjain99/.m2/repository/org/apache/maven/maven-repository-metadata/2.0.10/maven-repository-metadata-2.0.10.jar:/Users/shreshtjain99/.m2/repository/org/apache/maven/wagon/wagon-provider-api/1.0-beta-2/wagon-provider-api-1.0-beta-2.jar:/Users/shreshtjain99/.m2/repository/org/apache/maven/maven-plugin-registry/2.0.10/maven-plugin-registry-2.0.10.jar:/Users/shreshtjain99/.m2/repository/org/codehaus/plexus/plexus-interpolation/1.1/plexus-interpolation-1.1.jar:/Users/shreshtjain99/.m2/repository/org/codehaus/plexus/plexus-utils/1.5.5/plexus-utils-1.5.5.jar:/Users/shreshtjain99/.m2/repository/org/apache/maven/maven-artifact/2.0.10/maven-artifact-2.0.10.jar:/Users/shreshtjain99/.m2/repository/org/codehaus/plexus/plexus-container-default/1.0-alpha-9-stable-1/plexus-container-default-1.0-alpha-9-stable-1.jar:/Users/shreshtjain99/.m2/repository/classworlds/classworlds/1.1-alpha-2/classworlds-1.1-alpha-2.jar:/Users/shreshtjain99/.m2/repository/org/apache/maven/shared/file-management/1.2.1/file-management-1.2.1.jar:/Users/shreshtjain99/.m2/repository/org/apache/maven/shared/maven-shared-io/1.1/maven-shared-io-1.1.jar:"/>
    <property name="java.vm.vendor" value="Eclipse Adoptium"/>
    <property name="sun.arch.data.model" value="64"/>
    <property name="java.vendor.url" value="https://adoptium.net/"/>
    <property name="os.name" value="Mac OS X"/>
    <property name="java.vm.specification.version" value="17"/>
    <property name="sun.java.launcher" value="SUN_STANDARD"/>
    <property name="user.country" value="IN"/>
    <property name="sun.boot.library.path" value="/Applications/SpringToolSuite4.app/Contents/Eclipse/plugins/org.eclipse.justj.openjdk.hotspot.jre.full.macosx.aarch64_17.0.8.v20230831-1047/jre/lib"/>
    <property name="sun.java.command" value="/Users/shreshtjain99/Documents/workspace-spring-tool-suite-4-4.20.1.RELEASE/Pulsar-test/target/surefire/surefirebooter-20240723170433456_3.jar /Users/shreshtjain99/Documents/workspace-spring-tool-suite-4-4.20.1.RELEASE/Pulsar-test/target/surefire 2024-07-23T17-04-33_428-jvmRun1 surefire-20240723170433456_1tmp surefire_0-20240723170433456_2tmp"/>
    <property name="jdk.debug" value="release"/>
    <property name="surefire.test.class.path" value="/Users/shreshtjain99/Documents/workspace-spring-tool-suite-4-4.20.1.RELEASE/Pulsar-test/target/test-classes:/Users/shreshtjain99/Documents/workspace-spring-tool-suite-4-4.20.1.RELEASE/Pulsar-test/target/classes:/Users/shreshtjain99/.m2/repository/com/fasterxml/jackson/dataformat/jackson-dataformat-avro/2.16.0/jackson-dataformat-avro-2.16.0.jar:/Users/shreshtjain99/.m2/repository/com/fasterxml/jackson/core/jackson-annotations/2.16.0/jackson-annotations-2.16.0.jar:/Users/shreshtjain99/.m2/repository/com/fasterxml/jackson/core/jackson-databind/2.16.0/jackson-databind-2.16.0.jar:/Users/shreshtjain99/.m2/repository/com/fasterxml/jackson/core/jackson-core/2.16.0/jackson-core-2.16.0.jar:/Users/shreshtjain99/.m2/repository/org/apache/pulsar/pulsar-client/2.10.4/pulsar-client-2.10.4.jar:/Users/shreshtjain99/.m2/repository/org/apache/pulsar/pulsar-client-api/2.10.4/pulsar-client-api-2.10.4.jar:/Users/shreshtjain99/.m2/repository/org/apache/pulsar/pulsar-client-admin-api/2.10.4/pulsar-client-admin-api-2.10.4.jar:/Users/shreshtjain99/.m2/repository/javax/ws/rs/javax.ws.rs-api/2.1/javax.ws.rs-api-2.1.jar:/Users/shreshtjain99/.m2/repository/org/apache/pulsar/bouncy-castle-bc/2.10.4/bouncy-castle-bc-2.10.4-pkg.jar:/Users/shreshtjain99/.m2/repository/org/bouncycastle/bcpkix-jdk15on/1.69/bcpkix-jdk15on-1.69.jar:/Users/shreshtjain99/.m2/repository/org/bouncycastle/bcprov-jdk15on/1.69/bcprov-jdk15on-1.69.jar:/Users/shreshtjain99/.m2/repository/org/bouncycastle/bcutil-jdk15on/1.69/bcutil-jdk15on-1.69.jar:/Users/shreshtjain99/.m2/repository/org/bouncycastle/bcprov-ext-jdk15on/1.69/bcprov-ext-jdk15on-1.69.jar:/Users/shreshtjain99/.m2/repository/com/sun/activation/javax.activation/1.2.0/javax.activation-1.2.0.jar:/Users/shreshtjain99/.m2/repository/javax/validation/validation-api/1.1.0.Final/validation-api-1.1.0.Final.jar:/Users/shreshtjain99/.m2/repository/net/jcip/jcip-annotations/1.0/jcip-annotations-1.0.jar:/Users/shreshtjain99/.m2/repository/com/beust/jcommander/1.78/jcommander-1.78.jar:/Users/shreshtjain99/.m2/repository/org/apache/avro/avro/1.11.1/avro-1.11.1.jar:/Users/shreshtjain99/.m2/repository/org/apache/commons/commons-compress/1.21/commons-compress-1.21.jar:/Users/shreshtjain99/.m2/repository/log4j/log4j/1.2.17/log4j-1.2.17.jar:/Users/shreshtjain99/.m2/repository/org/slf4j/slf4j-api/2.1.0-alpha1/slf4j-api-2.1.0-alpha1.jar:/Users/shreshtjain99/.m2/repository/ch/qos/reload4j/reload4j/1.2.25/reload4j-1.2.25.jar:/Users/shreshtjain99/.m2/repository/junit/junit/3.8.1/junit-3.8.1.jar:/Users/shreshtjain99/.m2/repository/org/projectlombok/lombok/1.18.34/lombok-1.18.34.jar:/Users/shreshtjain99/.m2/repository/org/apache/avro/avro-compiler/1.8.2/avro-compiler-1.8.2.jar:/Users/shreshtjain99/.m2/repository/commons-lang/commons-lang/2.6/commons-lang-2.6.jar:/Users/shreshtjain99/.m2/repository/org/apache/velocity/velocity/1.7/velocity-1.7.jar:/Users/shreshtjain99/.m2/repository/commons-collections/commons-collections/3.2.1/commons-collections-3.2.1.jar:/Users/shreshtjain99/.m2/repository/org/codehaus/jackson/jackson-core-asl/1.9.13/jackson-core-asl-1.9.13.jar:/Users/shreshtjain99/.m2/repository/org/codehaus/jackson/jackson-mapper-asl/1.9.13/jackson-mapper-asl-1.9.13.jar:/Users/shreshtjain99/.m2/repository/joda-time/joda-time/2.7/joda-time-2.7.jar:/Users/shreshtjain99/.m2/repository/org/apache/avro/avro-maven-plugin/1.8.2/avro-maven-plugin-1.8.2.jar:/Users/shreshtjain99/.m2/repository/org/apache/maven/maven-plugin-api/2.0.10/maven-plugin-api-2.0.10.jar:/Users/shreshtjain99/.m2/repository/org/apache/maven/maven-project/2.0.10/maven-project-2.0.10.jar:/Users/shreshtjain99/.m2/repository/org/apache/maven/maven-settings/2.0.10/maven-settings-2.0.10.jar:/Users/shreshtjain99/.m2/repository/org/apache/maven/maven-profile/2.0.10/maven-profile-2.0.10.jar:/Users/shreshtjain99/.m2/repository/org/apache/maven/maven-model/2.0.10/maven-model-2.0.10.jar:/Users/shreshtjain99/.m2/repository/org/apache/maven/maven-artifact-manager/2.0.10/maven-artifact-manager-2.0.10.jar:/Users/shreshtjain99/.m2/repository/org/apache/maven/maven-repository-metadata/2.0.10/maven-repository-metadata-2.0.10.jar:/Users/shreshtjain99/.m2/repository/org/apache/maven/wagon/wagon-provider-api/1.0-beta-2/wagon-provider-api-1.0-beta-2.jar:/Users/shreshtjain99/.m2/repository/org/apache/maven/maven-plugin-registry/2.0.10/maven-plugin-registry-2.0.10.jar:/Users/shreshtjain99/.m2/repository/org/codehaus/plexus/plexus-interpolation/1.1/plexus-interpolation-1.1.jar:/Users/shreshtjain99/.m2/repository/org/codehaus/plexus/plexus-utils/1.5.5/plexus-utils-1.5.5.jar:/Users/shreshtjain99/.m2/repository/org/apache/maven/maven-artifact/2.0.10/maven-artifact-2.0.10.jar:/Users/shreshtjain99/.m2/repository/org/codehaus/plexus/plexus-container-default/1.0-alpha-9-stable-1/plexus-container-default-1.0-alpha-9-stable-1.jar:/Users/shreshtjain99/.m2/repository/classworlds/classworlds/1.1-alpha-2/classworlds-1.1-alpha-2.jar:/Users/shreshtjain99/.m2/repository/org/apache/maven/shared/file-management/1.2.1/file-management-1.2.1.jar:/Users/shreshtjain99/.m2/repository/org/apache/maven/shared/maven-shared-io/1.1/maven-shared-io-1.1.jar:"/>
    <property name="sun.cpu.endian" value="little"/>
    <property name="user.home" value="/Users/shreshtjain99"/>
    <property name="user.language" value="en"/>
    <property name="java.specification.vendor" value="Oracle Corporation"/>
    <property name="java.version.date" value="2023-08-24"/>
    <property name="java.home" value="/Applications/SpringToolSuite4.app/Contents/Eclipse/plugins/org.eclipse.justj.openjdk.hotspot.jre.full.macosx.aarch64_17.0.8.v20230831-1047/jre"/>
    <property name="file.separator" value="/"/>
    <property name="style.color" value="always"/>
    <property name="basedir" value="/Users/shreshtjain99/Documents/workspace-spring-tool-suite-4-4.20.1.RELEASE/Pulsar-test"/>
    <property name="java.vm.compressedOopsMode" value="Zero based"/>
    <property name="line.separator" value="&#10;"/>
    <property name="java.vm.specification.vendor" value="Oracle Corporation"/>
    <property name="java.specification.name" value="Java Platform API Specification"/>
    <property name="surefire.real.class.path" value="/Users/shreshtjain99/Documents/workspace-spring-tool-suite-4-4.20.1.RELEASE/Pulsar-test/target/surefire/surefirebooter-20240723170433456_3.jar"/>
    <property name="sun.management.compiler" value="HotSpot 64-Bit Tiered Compilers"/>
    <property name="java.runtime.version" value="17.0.8.1+1"/>
    <property name="user.name" value="shreshtjain99"/>
    <property name="path.separator" value=":"/>
    <property name="os.version" value="14.3.1"/>
    <property name="java.runtime.name" value="OpenJDK Runtime Environment"/>
    <property name="file.encoding" value="UTF-8"/>
    <property name="java.vm.name" value="OpenJDK 64-Bit Server VM"/>
    <property name="java.vendor.version" value="Temurin-17.0.8.1+1"/>
    <property name="localRepository" value="/Users/shreshtjain99/.m2/repository"/>
    <property name="java.vendor.url.bug" value="https://github.com/adoptium/adoptium-support/issues"/>
    <property name="java.io.tmpdir" value="/var/folders/vq/_vj0plg12d78xktr7jtkxzh40000gn/T/"/>
    <property name="java.version" value="17.0.8.1"/>
    <property name="user.dir" value="/Users/shreshtjain99/Documents/workspace-spring-tool-suite-4-4.20.1.RELEASE/Pulsar-test"/>
    <property name="os.arch" value="aarch64"/>
    <property name="java.vm.specification.name" value="Java Virtual Machine Specification"/>
    <property name="native.encoding" value="UTF-8"/>
    <property name="java.library.path" value="/Users/shreshtjain99/Library/Java/Extensions:/Library/Java/Extensions:/Network/Library/Java/Extensions:/System/Library/Java/Extensions:/usr/lib/java:."/>
    <property name="java.vm.info" value="mixed mode"/>
    <property name="java.vendor" value="Eclipse Adoptium"/>
    <property name="java.vm.version" value="17.0.8.1+1"/>
    <property name="sun.io.unicode.encoding" value="UnicodeBig"/>
    <property name="java.class.version" value="61.0"/>
  </properties>
  <testcase name="testApp" classname="com.example.Pulsar_test.AppTest" time="0.0"/>
</testsuite>